Tue Feb 28 15:26:08 CST 2017  [debug] AvalonLogSystem initialized using logfile 'D:\Student0_file\SkyOne\SkyOneServer\.metadata\.plugins\com.genuitec.eclipse.templates\velocity.log'
Tue Feb 28 15:26:08 CST 2017   [info] ************************************************************** 
Tue Feb 28 15:26:08 CST 2017   [info] Starting Jakarta Velocity v1.4
Tue Feb 28 15:26:08 CST 2017   [info] RuntimeInstance initializing.
Tue Feb 28 15:26:08 CST 2017   [info] Default Properties File: org\apache\velocity\runtime\defaults\velocity.properties
Tue Feb 28 15:26:08 CST 2017   [info] Trying to use logger class org.apache.velocity.runtime.log.AvalonLogSystem
Tue Feb 28 15:26:08 CST 2017   [info] Using logger class org.apache.velocity.runtime.log.AvalonLogSystem
Tue Feb 28 15:26:08 CST 2017   [info] Default ResourceManager initializing. (class org.apache.velocity.runtime.resource.ResourceManagerImpl)
Tue Feb 28 15:26:08 CST 2017   [info] Resource Loader Instantiated: com.genuitec.eclipse.templates.internal.PluginResourceLoader
Tue Feb 28 15:26:08 CST 2017   [info] ResourceCache : initialized. (class org.apache.velocity.runtime.resource.ResourceCacheImpl)
Tue Feb 28 15:26:08 CST 2017   [info] Default ResourceManager initialization complete.
Tue Feb 28 15:26:08 CST 2017   [info] Loaded System Directive: org.apache.velocity.runtime.directive.Literal
Tue Feb 28 15:26:08 CST 2017   [info] Loaded System Directive: org.apache.velocity.runtime.directive.Macro
Tue Feb 28 15:26:08 CST 2017   [info] Loaded System Directive: org.apache.velocity.runtime.directive.Parse
Tue Feb 28 15:26:08 CST 2017   [info] Loaded System Directive: org.apache.velocity.runtime.directive.Include
Tue Feb 28 15:26:08 CST 2017   [info] Loaded System Directive: org.apache.velocity.runtime.directive.Foreach
Tue Feb 28 15:26:08 CST 2017   [info] Created: 20 parsers.
Tue Feb 28 15:26:08 CST 2017   [info] Velocimacro : initialization starting.
Tue Feb 28 15:26:08 CST 2017   [info] Velocimacro : adding VMs from VM library template : VM_global_library.vm
Tue Feb 28 15:26:08 CST 2017  [error] ResourceManager : unable to find resource 'VM_global_library.vm' in any resource loader.
Tue Feb 28 15:26:08 CST 2017   [info] Velocimacro : error using  VM library template VM_global_library.vm : org.apache.velocity.exception.ResourceNotFoundException: Unable to find resource 'VM_global_library.vm'
Tue Feb 28 15:26:08 CST 2017   [info] Velocimacro :  VM library template macro registration complete.
Tue Feb 28 15:26:08 CST 2017   [info] Velocimacro : allowInline = true : VMs can be defined inline in templates
Tue Feb 28 15:26:08 CST 2017   [info] Velocimacro : allowInlineToOverride = true : VMs defined inline may replace previous VM definitions
Tue Feb 28 15:26:08 CST 2017   [info] Velocimacro : allowInlineLocal = true : VMs defined inline will be local to their defining template only.
Tue Feb 28 15:26:08 CST 2017   [info] Velocimacro : messages on  : VM system will output logging messages
Tue Feb 28 15:26:08 CST 2017   [info] Velocimacro : autoload off  : VM system will not automatically reload global library macros
Tue Feb 28 15:26:08 CST 2017   [info] Velocimacro : initialization complete.
Tue Feb 28 15:26:08 CST 2017   [info] Velocity successfully started.
Tue Feb 28 15:26:08 CST 2017   [info] ResourceManager : found templates/web.xml.vm with loader com.genuitec.eclipse.templates.internal.PluginResourceLoader
Tue Feb 28 15:26:15 CST 2017   [info] ResourceManager : found /templates/velocity/welcome/Jsp.vtl with loader com.genuitec.eclipse.templates.internal.PluginResourceLoader
